TN:
SF:apps\app.auth.js
FN:5,(anonymous_0)
FNF:1
FNH:1
FNDA:1,(anonymous_0)
DA:3,1
DA:5,1
DA:6,1
DA:7,1
LF:4
LH:4
BRF:0
BRH:0
end_of_record
TN:
SF:apps\app.documentos.js
FNF:0
FNH:0
DA:4,1
DA:5,1
DA:6,1
LF:3
LH:3
BRF:0
BRH:0
end_of_record
TN:
SF:apps\app.notificaciones.js
FNF:0
FNH:0
DA:4,1
DA:5,1
DA:6,1
LF:3
LH:3
BRF:0
BRH:0
end_of_record
TN:
SF:apps\app.ping.js
FN:5,(anonymous_0)
FNF:1
FNH:1
FNDA:1,(anonymous_0)
DA:3,1
DA:5,1
DA:6,1
DA:7,1
LF:4
LH:4
BRF:0
BRH:0
end_of_record
TN:
SF:apps\app.reportes.js
FNF:0
FNH:0
DA:4,1
DA:5,1
DA:6,1
LF:3
LH:3
BRF:0
BRH:0
end_of_record
TN:
SF:apps\app.revisiones.js
FNF:0
FNH:0
DA:4,1
DA:5,1
DA:6,1
LF:3
LH:3
BRF:0
BRH:0
end_of_record
TN:
SF:apps\app.status.js
FNF:0
FNH:0
DA:5,1
DA:6,1
LF:2
LH:2
BRF:0
BRH:0
end_of_record
TN:
SF:apps\app.usuarios.js
FNF:0
FNH:0
DA:4,1
DA:5,1
DA:6,1
LF:3
LH:3
BRF:0
BRH:0
end_of_record
TN:
SF:controllers\revisionController.js
FN:7,(anonymous_0)
FN:25,(anonymous_1)
FN:33,(anonymous_2)
FN:39,(anonymous_3)
FN:40,(anonymous_4)
FN:43,(anonymous_5)
FNF:6
FNH:6
FNDA:3,(anonymous_0)
FNDA:1,(anonymous_1)
FNDA:1,(anonymous_2)
FNDA:1,(anonymous_3)
FNDA:1,(anonymous_4)
FNDA:1,(anonymous_5)
DA:7,2
DA:8,3
DA:9,3
DA:10,2
DA:12,1
DA:13,1
DA:16,1
DA:24,1
DA:25,1
DA:29,1
DA:32,1
DA:33,1
DA:34,1
DA:37,1
DA:38,1
DA:39,1
DA:40,1
DA:43,1
DA:46,1
DA:58,1
DA:59,1
DA:61,1
LF:22
LH:22
BRDA:10,0,0,1
BRDA:10,0,1,1
BRDA:10,1,0,2
BRDA:10,1,1,1
BRDA:25,2,0,1
BRDA:25,2,1,0
BRDA:34,3,0,1
BRDA:34,3,1,0
BRDA:37,4,0,1
BRDA:37,4,1,0
BRF:10
BRH:7
end_of_record
TN:
SF:models\documento.js
FNF:0
FNH:0
DA:3,2
DA:11,2
LF:2
LH:2
BRF:0
BRH:0
end_of_record
TN:
SF:models\notificacion.js
FNF:0
FNH:0
DA:3,1
DA:11,1
LF:2
LH:2
BRF:0
BRH:0
end_of_record
TN:
SF:models\reporte.js
FNF:0
FNH:0
DA:3,1
DA:9,1
LF:2
LH:2
BRF:0
BRH:0
end_of_record
TN:
SF:models\revision.js
FNF:0
FNH:0
DA:3,2
LF:1
LH:1
BRF:0
BRH:0
end_of_record
TN:
SF:models\usuario.js
FNF:0
FNH:0
DA:3,2
DA:14,2
LF:2
LH:2
BRF:0
BRH:0
end_of_record
TN:
SF:routes\documentos.js
FN:12,(anonymous_0)
FN:15,(anonymous_1)
FN:23,(anonymous_2)
FN:43,(anonymous_3)
FN:55,(anonymous_4)
FN:89,(anonymous_5)
FN:96,(anonymous_6)
FN:110,(anonymous_7)
FNF:8
FNH:6
FNDA:2,(anonymous_0)
FNDA:2,(anonymous_1)
FNDA:2,(anonymous_2)
FNDA:1,(anonymous_3)
FNDA:0,(anonymous_4)
FNDA:1,(anonymous_5)
FNDA:1,(anonymous_6)
FNDA:0,(anonymous_7)
DA:8,1
DA:11,1
DA:13,2
DA:16,2
DA:20,1
DA:23,1
DA:24,2
DA:25,2
DA:27,2
DA:35,2
DA:36,2
DA:38,0
DA:43,1
DA:44,1
DA:45,1
DA:48,1
DA:50,0
DA:55,1
DA:56,0
DA:57,0
DA:60,0
DA:65,0
DA:68,0
DA:71,0
DA:76,0
DA:78,0
DA:83,0
DA:84,0
DA:89,1
DA:90,1
DA:91,1
DA:92,1
DA:95,1
DA:96,1
DA:97,1
DA:101,1
DA:103,1
DA:105,0
DA:110,1
DA:111,0
DA:112,0
DA:113,0
DA:117,0
DA:119,0
LF:44
LH:26
BRDA:92,0,0,0
BRDA:92,0,1,1
BRDA:97,1,0,0
BRDA:97,1,1,1
BRF:4
BRH:2
end_of_record
TN:
SF:routes\notificaciones.js
FN:7,(anonymous_0)
FN:25,(anonymous_1)
FNF:2
FNH:2
FNDA:3,(anonymous_0)
FNDA:1,(anonymous_1)
DA:4,1
DA:7,1
DA:8,3
DA:9,3
DA:10,3
DA:17,3
DA:18,2
DA:20,1
DA:25,1
DA:26,1
DA:27,1
DA:28,1
DA:30,0
LF:13
LH:12
BRF:0
BRH:0
end_of_record
TN:
SF:routes\reportes.js
FN:7,(anonymous_0)
FN:23,(anonymous_1)
FNF:2
FNH:0
FNDA:0,(anonymous_0)
FNDA:0,(anonymous_1)
DA:4,1
DA:7,1
DA:8,0
DA:9,0
DA:10,0
DA:15,0
DA:16,0
DA:18,0
DA:23,1
DA:24,0
DA:25,0
DA:26,0
DA:28,0
LF:13
LH:3
BRF:0
BRH:0
end_of_record
TN:
SF:routes\revisiones.testable.js
FN:15,extraerTexto
FN:37,(anonymous_1)
FN:46,(anonymous_2)
FN:128,(anonymous_3)
FNF:4
FNH:4
FNDA:1,extraerTexto
FNDA:2,(anonymous_1)
FNDA:2,(anonymous_2)
FNDA:2,(anonymous_3)
DA:11,1
DA:13,1
DA:16,1
DA:18,1
DA:19,0
DA:20,0
DA:21,0
DA:24,1
DA:25,0
DA:26,0
DA:29,1
DA:30,1
DA:33,0
DA:37,1
DA:38,2
DA:39,2
DA:42,2
DA:43,2
DA:46,2
DA:47,2
DA:49,1
DA:50,1
DA:52,1
DA:53,0
DA:57,1
DA:72,1
DA:77,1
DA:81,1
DA:83,1
DA:84,1
DA:85,1
DA:87,1
DA:89,0
DA:91,0
DA:102,1
DA:113,1
DA:115,1
DA:118,1
DA:121,1
DA:123,0
DA:124,0
DA:128,1
DA:129,2
DA:130,2
DA:133,2
DA:140,2
DA:142,2
DA:143,1
DA:144,1
DA:147,1
DA:148,1
DA:150,0
DA:151,0
LF:53
LH:40
BRDA:18,0,0,0
BRDA:18,0,1,1
BRDA:24,1,0,0
BRDA:24,1,1,1
BRDA:29,2,0,1
BRDA:29,2,1,0
BRDA:43,3,0,0
BRDA:43,3,1,2
BRDA:47,4,0,1
BRDA:47,4,1,1
BRDA:52,5,0,0
BRDA:52,5,1,1
BRDA:52,6,0,1
BRDA:52,6,1,1
BRDA:133,7,0,2
BRDA:133,7,1,0
BRDA:142,8,0,1
BRDA:142,8,1,1
BRF:18
BRH:12
end_of_record
TN:
SF:routes\status.js
FN:4,(anonymous_0)
FNF:1
FNH:1
FNDA:1,(anonymous_0)
DA:2,1
DA:4,1
DA:5,1
LF:3
LH:3
BRF:0
BRH:0
end_of_record
TN:
SF:routes\usuarios.js
FN:8,(anonymous_0)
FN:23,(anonymous_1)
FNF:2
FNH:1
FNDA:0,(anonymous_0)
FNDA:1,(anonymous_1)
DA:5,1
DA:8,1
DA:9,0
DA:10,0
DA:11,0
DA:12,0
DA:18,0
DA:23,1
DA:24,1
DA:25,1
DA:27,1
DA:28,0
DA:31,1
DA:45,1
DA:50,0
DA:51,0
LF:16
LH:8
BRDA:11,0,0,0
BRDA:11,0,1,0
BRDA:27,1,0,0
BRDA:27,1,1,1
BRF:4
BRH:1
end_of_record
TN:
SF:utils\text.js
FN:6,extraerTexto
FNF:1
FNH:1
FNDA:1,extraerTexto
DA:1,1
DA:2,1
DA:3,1
DA:4,1
DA:7,1
DA:9,1
DA:10,0
DA:11,0
DA:12,0
DA:15,1
DA:16,0
DA:17,0
DA:20,1
DA:21,1
DA:24,0
DA:27,1
LF:16
LH:10
BRDA:9,0,0,0
BRDA:9,0,1,1
BRDA:15,1,0,0
BRDA:15,1,1,1
BRDA:20,2,0,1
BRDA:20,2,1,0
BRF:6
BRH:3
end_of_record
